/home/frc-ag-2/ros2_ws/src/ros_farmbot/install/ros_farmbot/lib/python3.10/site-packages/ros_farmbot/webcam_test.py
/home/frc-ag-2/ros2_ws/src/ros_farmbot/install/ros_farmbot/lib/python3.10/site-packages/ros_farmbot/__init__.py
/home/frc-ag-2/ros2_ws/src/ros_farmbot/install/ros_farmbot/lib/python3.10/site-packages/ros_farmbot/central_i2grow_automation.py
/home/frc-ag-2/ros2_ws/src/ros_farmbot/install/ros_farmbot/lib/python3.10/site-packages/ros_farmbot/data_listener.py
/home/frc-ag-2/ros2_ws/src/ros_farmbot/install/ros_farmbot/lib/python3.10/site-packages/ros_farmbot/scripts/image_functions.py
/home/frc-ag-2/ros2_ws/src/ros_farmbot/install/ros_farmbot/lib/python3.10/site-packages/ros_farmbot/scripts/__init__.py
/home/frc-ag-2/ros2_ws/src/ros_farmbot/install/ros_farmbot/lib/python3.10/site-packages/ros_farmbot/scripts/par_sensor_reading.py
/home/frc-ag-2/ros2_ws/src/ros_farmbot/install/ros_farmbot/lib/python3.10/site-packages/ros_farmbot/scripts/prediction_helper.py
/home/frc-ag-2/ros2_ws/src/ros_farmbot/install/ros_farmbot/lib/python3.10/site-packages/ros_farmbot/scripts/ui_printing.py
/home/frc-ag-2/ros2_ws/src/ros_farmbot/install/ros_farmbot/lib/python3.10/site-packages/ros_farmbot/scripts/nicolet_model_helpers.py
/home/frc-ag-2/ros2_ws/src/ros_farmbot/install/ros_farmbot/lib/python3.10/site-packages/ros_farmbot/scripts/opencv_rgbd_framegrab.py
/home/frc-ag-2/ros2_ws/src/ros_farmbot/install/ros_farmbot/lib/python3.10/site-packages/ros_farmbot/scripts/cnn_models.py
/home/frc-ag-2/ros2_ws/src/ros_farmbot/install/ros_farmbot/lib/python3.10/site-packages/ros_farmbot/scripts/measure_env.py
/home/frc-ag-2/ros2_ws/src/ros_farmbot/install/ros_farmbot/lib/python3.10/site-packages/ros_farmbot/__pycache__/webcam_test.cpython-310.pyc
/home/frc-ag-2/ros2_ws/src/ros_farmbot/install/ros_farmbot/lib/python3.10/site-packages/ros_farmbot/__pycache__/__init__.cpython-310.pyc
/home/frc-ag-2/ros2_ws/src/ros_farmbot/install/ros_farmbot/lib/python3.10/site-packages/ros_farmbot/__pycache__/central_i2grow_automation.cpython-310.pyc
/home/frc-ag-2/ros2_ws/src/ros_farmbot/install/ros_farmbot/lib/python3.10/site-packages/ros_farmbot/__pycache__/data_listener.cpython-310.pyc
/home/frc-ag-2/ros2_ws/src/ros_farmbot/install/ros_farmbot/lib/python3.10/site-packages/ros_farmbot/scripts/__pycache__/image_functions.cpython-310.pyc
/home/frc-ag-2/ros2_ws/src/ros_farmbot/install/ros_farmbot/lib/python3.10/site-packages/ros_farmbot/scripts/__pycache__/__init__.cpython-310.pyc
/home/frc-ag-2/ros2_ws/src/ros_farmbot/install/ros_farmbot/lib/python3.10/site-packages/ros_farmbot/scripts/__pycache__/par_sensor_reading.cpython-310.pyc
/home/frc-ag-2/ros2_ws/src/ros_farmbot/install/ros_farmbot/lib/python3.10/site-packages/ros_farmbot/scripts/__pycache__/prediction_helper.cpython-310.pyc
/home/frc-ag-2/ros2_ws/src/ros_farmbot/install/ros_farmbot/lib/python3.10/site-packages/ros_farmbot/scripts/__pycache__/ui_printing.cpython-310.pyc
/home/frc-ag-2/ros2_ws/src/ros_farmbot/install/ros_farmbot/lib/python3.10/site-packages/ros_farmbot/scripts/__pycache__/nicolet_model_helpers.cpython-310.pyc
/home/frc-ag-2/ros2_ws/src/ros_farmbot/install/ros_farmbot/lib/python3.10/site-packages/ros_farmbot/scripts/__pycache__/opencv_rgbd_framegrab.cpython-310.pyc
/home/frc-ag-2/ros2_ws/src/ros_farmbot/install/ros_farmbot/lib/python3.10/site-packages/ros_farmbot/scripts/__pycache__/cnn_models.cpython-310.pyc
/home/frc-ag-2/ros2_ws/src/ros_farmbot/install/ros_farmbot/lib/python3.10/site-packages/ros_farmbot/scripts/__pycache__/measure_env.cpython-310.pyc
/home/frc-ag-2/ros2_ws/src/ros_farmbot/install/ros_farmbot/share/ament_index/resource_index/packages/ros_farmbot
/home/frc-ag-2/ros2_ws/src/ros_farmbot/install/ros_farmbot/share/ros_farmbot/package.xml
/home/frc-ag-2/ros2_ws/src/ros_farmbot/install/ros_farmbot/share/ros_farmbot/launch/ros-record.launch
/home/frc-ag-2/ros2_ws/src/ros_farmbot/install/ros_farmbot/share/ros_farmbot/launch/basic.launch
/home/frc-ag-2/ros2_ws/src/ros_farmbot/install/ros_farmbot/lib/python3.10/site-packages/ros_farmbot-0.0.0-py3.10.egg-info/top_level.txt
/home/frc-ag-2/ros2_ws/src/ros_farmbot/install/ros_farmbot/lib/python3.10/site-packages/ros_farmbot-0.0.0-py3.10.egg-info/requires.txt
/home/frc-ag-2/ros2_ws/src/ros_farmbot/install/ros_farmbot/lib/python3.10/site-packages/ros_farmbot-0.0.0-py3.10.egg-info/dependency_links.txt
/home/frc-ag-2/ros2_ws/src/ros_farmbot/install/ros_farmbot/lib/python3.10/site-packages/ros_farmbot-0.0.0-py3.10.egg-info/SOURCES.txt
/home/frc-ag-2/ros2_ws/src/ros_farmbot/install/ros_farmbot/lib/python3.10/site-packages/ros_farmbot-0.0.0-py3.10.egg-info/PKG-INFO
/home/frc-ag-2/ros2_ws/src/ros_farmbot/install/ros_farmbot/lib/python3.10/site-packages/ros_farmbot-0.0.0-py3.10.egg-info/entry_points.txt
/home/frc-ag-2/ros2_ws/src/ros_farmbot/install/ros_farmbot/lib/python3.10/site-packages/ros_farmbot-0.0.0-py3.10.egg-info/zip-safe
/home/frc-ag-2/ros2_ws/src/ros_farmbot/install/ros_farmbot/lib/ros_farmbot/init
/home/frc-ag-2/ros2_ws/src/ros_farmbot/install/ros_farmbot/lib/ros_farmbot/listen
/home/frc-ag-2/ros2_ws/src/ros_farmbot/install/ros_farmbot/lib/ros_farmbot/ui
