[0.491s] Invoking command in '/home/frc-ag-2/ros2_ws/src/ros_farmbot': CONDA_PROMPT_MODIFIER=(i2grow-env) PYTHONPATH=/home/frc-ag-2/ros2_ws/src/ros_farmbot/build/ros_farmbot/prefix_override:/usr/lib/python3/dist-packages/colcon_core/task/python/colcon_distutils_commands:/home/frc-ag-2/ros2_ws/src/ros_farmbot/install/ros_farmbot/lib/python3.8/site-packages:${PYTHONPATH} /usr/bin/python3 -W ignore:setup.py install is deprecated setup.py egg_info --egg-base build/ros_farmbot build --build-base /home/frc-ag-2/ros2_ws/src/ros_farmbot/build/ros_farmbot/build install --record /home/frc-ag-2/ros2_ws/src/ros_farmbot/build/ros_farmbot/install.log --single-version-externally-managed install_data
[0.658s] running egg_info
[0.658s] creating build/ros_farmbot/ros_farmbot.egg-info
[0.658s] writing build/ros_farmbot/ros_farmbot.egg-info/PKG-INFO
[0.659s] writing dependency_links to build/ros_farmbot/ros_farmbot.egg-info/dependency_links.txt
[0.659s] writing entry points to build/ros_farmbot/ros_farmbot.egg-info/entry_points.txt
[0.659s] writing requirements to build/ros_farmbot/ros_farmbot.egg-info/requires.txt
[0.659s] writing top-level names to build/ros_farmbot/ros_farmbot.egg-info/top_level.txt
[0.660s] writing manifest file 'build/ros_farmbot/ros_farmbot.egg-info/SOURCES.txt'
[0.685s] reading manifest file 'build/ros_farmbot/ros_farmbot.egg-info/SOURCES.txt'
[0.686s] writing manifest file 'build/ros_farmbot/ros_farmbot.egg-info/SOURCES.txt'
[0.686s] running build
[0.686s] running build_py
[0.686s] creating /home/frc-ag-2/ros2_ws/src/ros_farmbot/build/ros_farmbot/build
[0.687s] creating /home/frc-ag-2/ros2_ws/src/ros_farmbot/build/ros_farmbot/build/lib
[0.687s] creating /home/frc-ag-2/ros2_ws/src/ros_farmbot/build/ros_farmbot/build/lib/ros_farmbot
[0.687s] copying ros_farmbot/webcam_test.py -> /home/frc-ag-2/ros2_ws/src/ros_farmbot/build/ros_farmbot/build/lib/ros_farmbot
[0.687s] copying ros_farmbot/__init__.py -> /home/frc-ag-2/ros2_ws/src/ros_farmbot/build/ros_farmbot/build/lib/ros_farmbot
[0.687s] copying ros_farmbot/central_i2grow_automation.py -> /home/frc-ag-2/ros2_ws/src/ros_farmbot/build/ros_farmbot/build/lib/ros_farmbot
[0.687s] copying ros_farmbot/data_listener.py -> /home/frc-ag-2/ros2_ws/src/ros_farmbot/build/ros_farmbot/build/lib/ros_farmbot
[0.687s] creating /home/frc-ag-2/ros2_ws/src/ros_farmbot/build/ros_farmbot/build/lib/ros_farmbot/scripts
[0.687s] copying ros_farmbot/scripts/__init__.py -> /home/frc-ag-2/ros2_ws/src/ros_farmbot/build/ros_farmbot/build/lib/ros_farmbot/scripts
[0.687s] copying ros_farmbot/scripts/ui_printing.py -> /home/frc-ag-2/ros2_ws/src/ros_farmbot/build/ros_farmbot/build/lib/ros_farmbot/scripts
[0.695s] copying ros_farmbot/scripts/opencv_rgbd_framegrab.py -> /home/frc-ag-2/ros2_ws/src/ros_farmbot/build/ros_farmbot/build/lib/ros_farmbot/scripts
[0.695s] copying ros_farmbot/scripts/measure_env.py -> /home/frc-ag-2/ros2_ws/src/ros_farmbot/build/ros_farmbot/build/lib/ros_farmbot/scripts
[0.696s] running install
[0.698s] running install_lib
[0.700s] creating /home/frc-ag-2/ros2_ws/src/ros_farmbot/install/ros_farmbot/lib/python3.8/site-packages/ros_farmbot
[0.700s] creating /home/frc-ag-2/ros2_ws/src/ros_farmbot/install/ros_farmbot/lib/python3.8/site-packages/ros_farmbot/scripts
[0.701s] copying /home/frc-ag-2/ros2_ws/src/ros_farmbot/build/ros_farmbot/build/lib/ros_farmbot/scripts/__init__.py -> /home/frc-ag-2/ros2_ws/src/ros_farmbot/install/ros_farmbot/lib/python3.8/site-packages/ros_farmbot/scripts
[0.701s] copying /home/frc-ag-2/ros2_ws/src/ros_farmbot/build/ros_farmbot/build/lib/ros_farmbot/scripts/ui_printing.py -> /home/frc-ag-2/ros2_ws/src/ros_farmbot/install/ros_farmbot/lib/python3.8/site-packages/ros_farmbot/scripts
[0.702s] copying /home/frc-ag-2/ros2_ws/src/ros_farmbot/build/ros_farmbot/build/lib/ros_farmbot/scripts/opencv_rgbd_framegrab.py -> /home/frc-ag-2/ros2_ws/src/ros_farmbot/install/ros_farmbot/lib/python3.8/site-packages/ros_farmbot/scripts
[0.702s] copying /home/frc-ag-2/ros2_ws/src/ros_farmbot/build/ros_farmbot/build/lib/ros_farmbot/scripts/measure_env.py -> /home/frc-ag-2/ros2_ws/src/ros_farmbot/install/ros_farmbot/lib/python3.8/site-packages/ros_farmbot/scripts
[0.702s] copying /home/frc-ag-2/ros2_ws/src/ros_farmbot/build/ros_farmbot/build/lib/ros_farmbot/webcam_test.py -> /home/frc-ag-2/ros2_ws/src/ros_farmbot/install/ros_farmbot/lib/python3.8/site-packages/ros_farmbot
[0.702s] copying /home/frc-ag-2/ros2_ws/src/ros_farmbot/build/ros_farmbot/build/lib/ros_farmbot/__init__.py -> /home/frc-ag-2/ros2_ws/src/ros_farmbot/install/ros_farmbot/lib/python3.8/site-packages/ros_farmbot
[0.702s] copying /home/frc-ag-2/ros2_ws/src/ros_farmbot/build/ros_farmbot/build/lib/ros_farmbot/central_i2grow_automation.py -> /home/frc-ag-2/ros2_ws/src/ros_farmbot/install/ros_farmbot/lib/python3.8/site-packages/ros_farmbot
[0.702s] copying /home/frc-ag-2/ros2_ws/src/ros_farmbot/build/ros_farmbot/build/lib/ros_farmbot/data_listener.py -> /home/frc-ag-2/ros2_ws/src/ros_farmbot/install/ros_farmbot/lib/python3.8/site-packages/ros_farmbot
[0.702s] byte-compiling /home/frc-ag-2/ros2_ws/src/ros_farmbot/install/ros_farmbot/lib/python3.8/site-packages/ros_farmbot/scripts/__init__.py to __init__.cpython-38.pyc
[0.704s] byte-compiling /home/frc-ag-2/ros2_ws/src/ros_farmbot/install/ros_farmbot/lib/python3.8/site-packages/ros_farmbot/scripts/ui_printing.py to ui_printing.cpython-38.pyc
[0.706s] byte-compiling /home/frc-ag-2/ros2_ws/src/ros_farmbot/install/ros_farmbot/lib/python3.8/site-packages/ros_farmbot/scripts/opencv_rgbd_framegrab.py to opencv_rgbd_framegrab.cpython-38.pyc
[0.707s] byte-compiling /home/frc-ag-2/ros2_ws/src/ros_farmbot/install/ros_farmbot/lib/python3.8/site-packages/ros_farmbot/scripts/measure_env.py to measure_env.cpython-38.pyc
[0.708s] byte-compiling /home/frc-ag-2/ros2_ws/src/ros_farmbot/install/ros_farmbot/lib/python3.8/site-packages/ros_farmbot/webcam_test.py to webcam_test.cpython-38.pyc
[0.709s] byte-compiling /home/frc-ag-2/ros2_ws/src/ros_farmbot/install/ros_farmbot/lib/python3.8/site-packages/ros_farmbot/__init__.py to __init__.cpython-38.pyc
[0.709s] byte-compiling /home/frc-ag-2/ros2_ws/src/ros_farmbot/install/ros_farmbot/lib/python3.8/site-packages/ros_farmbot/central_i2grow_automation.py to central_i2grow_automation.cpython-38.pyc
[0.711s] byte-compiling /home/frc-ag-2/ros2_ws/src/ros_farmbot/install/ros_farmbot/lib/python3.8/site-packages/ros_farmbot/data_listener.py to data_listener.cpython-38.pyc
[0.712s] running install_data
[0.712s] creating /home/frc-ag-2/ros2_ws/src/ros_farmbot/install/ros_farmbot/share/ament_index
[0.712s] creating /home/frc-ag-2/ros2_ws/src/ros_farmbot/install/ros_farmbot/share/ament_index/resource_index
[0.712s] creating /home/frc-ag-2/ros2_ws/src/ros_farmbot/install/ros_farmbot/share/ament_index/resource_index/packages
[0.712s] copying resource/ros_farmbot -> /home/frc-ag-2/ros2_ws/src/ros_farmbot/install/ros_farmbot/share/ament_index/resource_index/packages
[0.713s] copying package.xml -> /home/frc-ag-2/ros2_ws/src/ros_farmbot/install/ros_farmbot/share/ros_farmbot
[0.713s] running install_egg_info
[0.714s] Copying build/ros_farmbot/ros_farmbot.egg-info to /home/frc-ag-2/ros2_ws/src/ros_farmbot/install/ros_farmbot/lib/python3.8/site-packages/ros_farmbot-0.0.0-py3.8.egg-info
[0.715s] running install_scripts
[0.730s] Installing init script to /home/frc-ag-2/ros2_ws/src/ros_farmbot/install/ros_farmbot/lib/ros_farmbot
[0.731s] Installing listen script to /home/frc-ag-2/ros2_ws/src/ros_farmbot/install/ros_farmbot/lib/ros_farmbot
[0.731s] Installing ui script to /home/frc-ag-2/ros2_ws/src/ros_farmbot/install/ros_farmbot/lib/ros_farmbot
[0.731s] writing list of installed files to '/home/frc-ag-2/ros2_ws/src/ros_farmbot/build/ros_farmbot/install.log'
[0.743s] Invoked command in '/home/frc-ag-2/ros2_ws/src/ros_farmbot' returned '0': CONDA_PROMPT_MODIFIER=(i2grow-env) PYTHONPATH=/home/frc-ag-2/ros2_ws/src/ros_farmbot/build/ros_farmbot/prefix_override:/usr/lib/python3/dist-packages/colcon_core/task/python/colcon_distutils_commands:/home/frc-ag-2/ros2_ws/src/ros_farmbot/install/ros_farmbot/lib/python3.8/site-packages:${PYTHONPATH} /usr/bin/python3 -W ignore:setup.py install is deprecated setup.py egg_info --egg-base build/ros_farmbot build --build-base /home/frc-ag-2/ros2_ws/src/ros_farmbot/build/ros_farmbot/build install --record /home/frc-ag-2/ros2_ws/src/ros_farmbot/build/ros_farmbot/install.log --single-version-externally-managed install_data
