[0.605s] Invoking command in '/home/frc-ag-2/ros2_ws/src/ros_farmbot': PYTHONPATH=/home/frc-ag-2/ros2_ws/src/ros_farmbot/build/ros_farmbot/prefix_override:/usr/lib/python3/dist-packages/colcon_core/task/python/colcon_distutils_commands:/home/frc-ag-2/ros2_ws/src/ros_farmbot/install/ros_farmbot/lib/python3.10/site-packages:${PYTHONPATH} /usr/bin/python3 -W ignore:setup.py install is deprecated -W ignore:easy_install command is deprecated setup.py egg_info --egg-base build/ros_farmbot build --build-base /home/frc-ag-2/ros2_ws/src/ros_farmbot/build/ros_farmbot/build install --record /home/frc-ag-2/ros2_ws/src/ros_farmbot/build/ros_farmbot/install.log --single-version-externally-managed install_data
[0.843s] running egg_info
[0.844s] writing build/ros_farmbot/ros_farmbot.egg-info/PKG-INFO
[0.844s] writing dependency_links to build/ros_farmbot/ros_farmbot.egg-info/dependency_links.txt
[0.844s] writing entry points to build/ros_farmbot/ros_farmbot.egg-info/entry_points.txt
[0.844s] writing requirements to build/ros_farmbot/ros_farmbot.egg-info/requires.txt
[0.844s] writing top-level names to build/ros_farmbot/ros_farmbot.egg-info/top_level.txt
[0.846s] reading manifest file 'build/ros_farmbot/ros_farmbot.egg-info/SOURCES.txt'
[0.847s] writing manifest file 'build/ros_farmbot/ros_farmbot.egg-info/SOURCES.txt'
[0.847s] running build
[0.847s] running build_py
[0.848s] running install
[0.848s] running install_lib
[0.849s] running install_data
[0.850s] running install_egg_info
[0.851s] removing '/home/frc-ag-2/ros2_ws/src/ros_farmbot/install/ros_farmbot/lib/python3.10/site-packages/ros_farmbot-0.0.0-py3.10.egg-info' (and everything under it)
[0.851s] Copying build/ros_farmbot/ros_farmbot.egg-info to /home/frc-ag-2/ros2_ws/src/ros_farmbot/install/ros_farmbot/lib/python3.10/site-packages/ros_farmbot-0.0.0-py3.10.egg-info
[0.852s] running install_scripts
[0.870s] Installing init script to /home/frc-ag-2/ros2_ws/src/ros_farmbot/install/ros_farmbot/lib/ros_farmbot
[0.870s] Installing listen script to /home/frc-ag-2/ros2_ws/src/ros_farmbot/install/ros_farmbot/lib/ros_farmbot
[0.870s] Installing ui script to /home/frc-ag-2/ros2_ws/src/ros_farmbot/install/ros_farmbot/lib/ros_farmbot
[0.871s] writing list of installed files to '/home/frc-ag-2/ros2_ws/src/ros_farmbot/build/ros_farmbot/install.log'
[0.888s] Invoked command in '/home/frc-ag-2/ros2_ws/src/ros_farmbot' returned '0': PYTHONPATH=/home/frc-ag-2/ros2_ws/src/ros_farmbot/build/ros_farmbot/prefix_override:/usr/lib/python3/dist-packages/colcon_core/task/python/colcon_distutils_commands:/home/frc-ag-2/ros2_ws/src/ros_farmbot/install/ros_farmbot/lib/python3.10/site-packages:${PYTHONPATH} /usr/bin/python3 -W ignore:setup.py install is deprecated -W ignore:easy_install command is deprecated setup.py egg_info --egg-base build/ros_farmbot build --build-base /home/frc-ag-2/ros2_ws/src/ros_farmbot/build/ros_farmbot/build install --record /home/frc-ag-2/ros2_ws/src/ros_farmbot/build/ros_farmbot/install.log --single-version-externally-managed install_data
