[0.526s] Invoking command in '/home/frc-ag-2/ros2_ws/src/ros_farmbot': PYTHONPATH=/home/frc-ag-2/ros2_ws/src/ros_farmbot/build/ros_farmbot/prefix_override:/usr/lib/python3/dist-packages/colcon_core/task/python/colcon_distutils_commands:/home/frc-ag-2/ros2_ws/src/ros_farmbot/install/ros_farmbot/lib/python3.10/site-packages:${PYTHONPATH} /usr/bin/python3 -W ignore:setup.py install is deprecated -W ignore:easy_install command is deprecated setup.py egg_info --egg-base build/ros_farmbot build --build-base /home/frc-ag-2/ros2_ws/src/ros_farmbot/build/ros_farmbot/build install --record /home/frc-ag-2/ros2_ws/src/ros_farmbot/build/ros_farmbot/install.log --single-version-externally-managed install_data
[0.730s] running egg_info
[0.730s] writing build/ros_farmbot/ros_farmbot.egg-info/PKG-INFO
[0.730s] writing dependency_links to build/ros_farmbot/ros_farmbot.egg-info/dependency_links.txt
[0.731s] writing entry points to build/ros_farmbot/ros_farmbot.egg-info/entry_points.txt
[0.731s] writing requirements to build/ros_farmbot/ros_farmbot.egg-info/requires.txt
[0.731s] writing top-level names to build/ros_farmbot/ros_farmbot.egg-info/top_level.txt
[0.732s] reading manifest file 'build/ros_farmbot/ros_farmbot.egg-info/SOURCES.txt'
[0.740s] writing manifest file 'build/ros_farmbot/ros_farmbot.egg-info/SOURCES.txt'
[0.740s] running build
[0.740s] running build_py
[0.740s] copying ros_farmbot/webcam_test.py -> /home/frc-ag-2/ros2_ws/src/ros_farmbot/build/ros_farmbot/build/lib/ros_farmbot
[0.740s] copying ros_farmbot/central_i2grow_automation.py -> /home/frc-ag-2/ros2_ws/src/ros_farmbot/build/ros_farmbot/build/lib/ros_farmbot
[0.740s] copying ros_farmbot/scripts/image_functions.py -> /home/frc-ag-2/ros2_ws/src/ros_farmbot/build/ros_farmbot/build/lib/ros_farmbot/scripts
[0.741s] copying ros_farmbot/scripts/par_sensor_reading.py -> /home/frc-ag-2/ros2_ws/src/ros_farmbot/build/ros_farmbot/build/lib/ros_farmbot/scripts
[0.741s] copying ros_farmbot/scripts/prediction_helper.py -> /home/frc-ag-2/ros2_ws/src/ros_farmbot/build/ros_farmbot/build/lib/ros_farmbot/scripts
[0.742s] copying ros_farmbot/scripts/ui_printing.py -> /home/frc-ag-2/ros2_ws/src/ros_farmbot/build/ros_farmbot/build/lib/ros_farmbot/scripts
[0.742s] copying ros_farmbot/scripts/nicolet_model_helpers.py -> /home/frc-ag-2/ros2_ws/src/ros_farmbot/build/ros_farmbot/build/lib/ros_farmbot/scripts
[0.742s] copying ros_farmbot/scripts/opencv_rgbd_framegrab.py -> /home/frc-ag-2/ros2_ws/src/ros_farmbot/build/ros_farmbot/build/lib/ros_farmbot/scripts
[0.742s] copying ros_farmbot/scripts/cnn_models.py -> /home/frc-ag-2/ros2_ws/src/ros_farmbot/build/ros_farmbot/build/lib/ros_farmbot/scripts
[0.743s] copying ros_farmbot/scripts/measure_env.py -> /home/frc-ag-2/ros2_ws/src/ros_farmbot/build/ros_farmbot/build/lib/ros_farmbot/scripts
[0.743s] running install
[0.743s] running install_lib
[0.744s] creating /home/frc-ag-2/ros2_ws/src/ros_farmbot/install/ros_farmbot/lib/python3.10/site-packages/ros_farmbot
[0.744s] creating /home/frc-ag-2/ros2_ws/src/ros_farmbot/install/ros_farmbot/lib/python3.10/site-packages/ros_farmbot/scripts
[0.744s] copying /home/frc-ag-2/ros2_ws/src/ros_farmbot/build/ros_farmbot/build/lib/ros_farmbot/scripts/image_functions.py -> /home/frc-ag-2/ros2_ws/src/ros_farmbot/install/ros_farmbot/lib/python3.10/site-packages/ros_farmbot/scripts
[0.744s] copying /home/frc-ag-2/ros2_ws/src/ros_farmbot/build/ros_farmbot/build/lib/ros_farmbot/scripts/__init__.py -> /home/frc-ag-2/ros2_ws/src/ros_farmbot/install/ros_farmbot/lib/python3.10/site-packages/ros_farmbot/scripts
[0.744s] copying /home/frc-ag-2/ros2_ws/src/ros_farmbot/build/ros_farmbot/build/lib/ros_farmbot/scripts/par_sensor_reading.py -> /home/frc-ag-2/ros2_ws/src/ros_farmbot/install/ros_farmbot/lib/python3.10/site-packages/ros_farmbot/scripts
[0.744s] copying /home/frc-ag-2/ros2_ws/src/ros_farmbot/build/ros_farmbot/build/lib/ros_farmbot/scripts/prediction_helper.py -> /home/frc-ag-2/ros2_ws/src/ros_farmbot/install/ros_farmbot/lib/python3.10/site-packages/ros_farmbot/scripts
[0.744s] copying /home/frc-ag-2/ros2_ws/src/ros_farmbot/build/ros_farmbot/build/lib/ros_farmbot/scripts/ui_printing.py -> /home/frc-ag-2/ros2_ws/src/ros_farmbot/install/ros_farmbot/lib/python3.10/site-packages/ros_farmbot/scripts
[0.745s] copying /home/frc-ag-2/ros2_ws/src/ros_farmbot/build/ros_farmbot/build/lib/ros_farmbot/scripts/nicolet_model_helpers.py -> /home/frc-ag-2/ros2_ws/src/ros_farmbot/install/ros_farmbot/lib/python3.10/site-packages/ros_farmbot/scripts
[0.745s] copying /home/frc-ag-2/ros2_ws/src/ros_farmbot/build/ros_farmbot/build/lib/ros_farmbot/scripts/opencv_rgbd_framegrab.py -> /home/frc-ag-2/ros2_ws/src/ros_farmbot/install/ros_farmbot/lib/python3.10/site-packages/ros_farmbot/scripts
[0.745s] copying /home/frc-ag-2/ros2_ws/src/ros_farmbot/build/ros_farmbot/build/lib/ros_farmbot/scripts/cnn_models.py -> /home/frc-ag-2/ros2_ws/src/ros_farmbot/install/ros_farmbot/lib/python3.10/site-packages/ros_farmbot/scripts
[0.745s] copying /home/frc-ag-2/ros2_ws/src/ros_farmbot/build/ros_farmbot/build/lib/ros_farmbot/scripts/measure_env.py -> /home/frc-ag-2/ros2_ws/src/ros_farmbot/install/ros_farmbot/lib/python3.10/site-packages/ros_farmbot/scripts
[0.745s] copying /home/frc-ag-2/ros2_ws/src/ros_farmbot/build/ros_farmbot/build/lib/ros_farmbot/webcam_test.py -> /home/frc-ag-2/ros2_ws/src/ros_farmbot/install/ros_farmbot/lib/python3.10/site-packages/ros_farmbot
[0.745s] copying /home/frc-ag-2/ros2_ws/src/ros_farmbot/build/ros_farmbot/build/lib/ros_farmbot/__init__.py -> /home/frc-ag-2/ros2_ws/src/ros_farmbot/install/ros_farmbot/lib/python3.10/site-packages/ros_farmbot
[0.745s] copying /home/frc-ag-2/ros2_ws/src/ros_farmbot/build/ros_farmbot/build/lib/ros_farmbot/central_i2grow_automation.py -> /home/frc-ag-2/ros2_ws/src/ros_farmbot/install/ros_farmbot/lib/python3.10/site-packages/ros_farmbot
[0.745s] copying /home/frc-ag-2/ros2_ws/src/ros_farmbot/build/ros_farmbot/build/lib/ros_farmbot/data_listener.py -> /home/frc-ag-2/ros2_ws/src/ros_farmbot/install/ros_farmbot/lib/python3.10/site-packages/ros_farmbot
[0.746s] byte-compiling /home/frc-ag-2/ros2_ws/src/ros_farmbot/install/ros_farmbot/lib/python3.10/site-packages/ros_farmbot/scripts/image_functions.py to image_functions.cpython-310.pyc
[0.747s] byte-compiling /home/frc-ag-2/ros2_ws/src/ros_farmbot/install/ros_farmbot/lib/python3.10/site-packages/ros_farmbot/scripts/__init__.py to __init__.cpython-310.pyc
[0.747s] byte-compiling /home/frc-ag-2/ros2_ws/src/ros_farmbot/install/ros_farmbot/lib/python3.10/site-packages/ros_farmbot/scripts/par_sensor_reading.py to par_sensor_reading.cpython-310.pyc
[0.748s] byte-compiling /home/frc-ag-2/ros2_ws/src/ros_farmbot/install/ros_farmbot/lib/python3.10/site-packages/ros_farmbot/scripts/prediction_helper.py to prediction_helper.cpython-310.pyc
[0.749s] byte-compiling /home/frc-ag-2/ros2_ws/src/ros_farmbot/install/ros_farmbot/lib/python3.10/site-packages/ros_farmbot/scripts/ui_printing.py to ui_printing.cpython-310.pyc
[0.750s] byte-compiling /home/frc-ag-2/ros2_ws/src/ros_farmbot/install/ros_farmbot/lib/python3.10/site-packages/ros_farmbot/scripts/nicolet_model_helpers.py to nicolet_model_helpers.cpython-310.pyc
[0.753s] byte-compiling /home/frc-ag-2/ros2_ws/src/ros_farmbot/install/ros_farmbot/lib/python3.10/site-packages/ros_farmbot/scripts/opencv_rgbd_framegrab.py to opencv_rgbd_framegrab.cpython-310.pyc
[0.753s] byte-compiling /home/frc-ag-2/ros2_ws/src/ros_farmbot/install/ros_farmbot/lib/python3.10/site-packages/ros_farmbot/scripts/cnn_models.py to cnn_models.cpython-310.pyc
[0.754s] byte-compiling /home/frc-ag-2/ros2_ws/src/ros_farmbot/install/ros_farmbot/lib/python3.10/site-packages/ros_farmbot/scripts/measure_env.py to measure_env.cpython-310.pyc
[0.754s] byte-compiling /home/frc-ag-2/ros2_ws/src/ros_farmbot/install/ros_farmbot/lib/python3.10/site-packages/ros_farmbot/webcam_test.py to webcam_test.cpython-310.pyc
[0.755s] byte-compiling /home/frc-ag-2/ros2_ws/src/ros_farmbot/install/ros_farmbot/lib/python3.10/site-packages/ros_farmbot/__init__.py to __init__.cpython-310.pyc
[0.755s] byte-compiling /home/frc-ag-2/ros2_ws/src/ros_farmbot/install/ros_farmbot/lib/python3.10/site-packages/ros_farmbot/central_i2grow_automation.py to central_i2grow_automation.cpython-310.pyc
[0.757s] byte-compiling /home/frc-ag-2/ros2_ws/src/ros_farmbot/install/ros_farmbot/lib/python3.10/site-packages/ros_farmbot/data_listener.py to data_listener.cpython-310.pyc
[0.758s] running install_data
[0.758s] copying package.xml -> /home/frc-ag-2/ros2_ws/src/ros_farmbot/install/ros_farmbot/share/ros_farmbot
[0.758s] copying launch/ros-record.launch -> /home/frc-ag-2/ros2_ws/src/ros_farmbot/install/ros_farmbot/share/ros_farmbot/launch
[0.758s] copying launch/basic.launch -> /home/frc-ag-2/ros2_ws/src/ros_farmbot/install/ros_farmbot/share/ros_farmbot/launch
[0.758s] running install_egg_info
[0.760s] Copying build/ros_farmbot/ros_farmbot.egg-info to /home/frc-ag-2/ros2_ws/src/ros_farmbot/install/ros_farmbot/lib/python3.10/site-packages/ros_farmbot-0.0.0-py3.10.egg-info
[0.761s] running install_scripts
[0.777s] Installing init script to /home/frc-ag-2/ros2_ws/src/ros_farmbot/install/ros_farmbot/lib/ros_farmbot
[0.777s] Installing listen script to /home/frc-ag-2/ros2_ws/src/ros_farmbot/install/ros_farmbot/lib/ros_farmbot
[0.777s] Installing ui script to /home/frc-ag-2/ros2_ws/src/ros_farmbot/install/ros_farmbot/lib/ros_farmbot
[0.777s] writing list of installed files to '/home/frc-ag-2/ros2_ws/src/ros_farmbot/build/ros_farmbot/install.log'
[0.795s] Invoked command in '/home/frc-ag-2/ros2_ws/src/ros_farmbot' returned '0': PYTHONPATH=/home/frc-ag-2/ros2_ws/src/ros_farmbot/build/ros_farmbot/prefix_override:/usr/lib/python3/dist-packages/colcon_core/task/python/colcon_distutils_commands:/home/frc-ag-2/ros2_ws/src/ros_farmbot/install/ros_farmbot/lib/python3.10/site-packages:${PYTHONPATH} /usr/bin/python3 -W ignore:setup.py install is deprecated -W ignore:easy_install command is deprecated setup.py egg_info --egg-base build/ros_farmbot build --build-base /home/frc-ag-2/ros2_ws/src/ros_farmbot/build/ros_farmbot/build install --record /home/frc-ag-2/ros2_ws/src/ros_farmbot/build/ros_farmbot/install.log --single-version-externally-managed install_data
